[01m[K/home/creativecoder/ros2_project/ros2_ws/src/robot_controller/src/keyboard_teleop_node.cpp:[m[K In constructor â€˜[01m[KKeyboardTeleopPublisher::KeyboardTeleopPublisher()[m[Kâ€™:
[01m[K/home/creativecoder/ros2_project/ros2_ws/src/robot_controller/src/keyboard_teleop_node.cpp:19:41:[m[K [01;31m[Kerror: [m[Kclass â€˜[01m[KKeyboardTeleopPublisher[m[Kâ€™ does not have any field named â€˜[01m[Kcount_[m[Kâ€™
   19 |     : Node("keyboardteleop_publisher"), [01;31m[Kcount_[m[K(0)
      |                                         [01;31m[K^~~~~~[m[K
gmake[2]: *** [CMakeFiles/keyboard_teleop_node.dir/build.make:76: CMakeFiles/keyboard_teleop_node.dir/src/keyboard_teleop_node.cpp.o] Error 1
gmake[1]: *** [CMakeFiles/Makefile2:139: CMakeFiles/keyboard_teleop_node.dir/all] Error 2
gmake[1]: *** Waiting for unfinished jobs....
gmake: *** [Makefile:146: all] Error 2
