[0.029s] Invoking command in '/home/creativecoder/ros2_project/ros2_ws/build/robot_controller': CMAKE_PREFIX_PATH=/opt/ros/humble /usr/bin/cmake --build /home/creativecoder/ros2_project/ros2_ws/build/robot_controller -- -j14 -l14
[0.103s] [35m[1mConsolidate compiler generated dependencies of target keyboard_teleop_node[0m
[0.106s] [35m[1mConsolidate compiler generated dependencies of target base_controller_node[0m
[0.127s] [ 25%] [32mBuilding CXX object CMakeFiles/keyboard_teleop_node.dir/src/keyboard_teleop_node.cpp.o[0m
[0.129s] [ 50%] [32mBuilding CXX object CMakeFiles/base_controller_node.dir/src/base_controller.cpp.o[0m
[5.333s] [01m[K/home/creativecoder/ros2_project/ros2_ws/src/robot_controller/src/keyboard_teleop_node.cpp:[m[K In constructor â€˜[01m[KKeyboardTeleopPublisher::KeyboardTeleopPublisher()[m[Kâ€™:
[5.336s] [01m[K/home/creativecoder/ros2_project/ros2_ws/src/robot_controller/src/keyboard_teleop_node.cpp:19:41:[m[K [01;31m[Kerror: [m[Kclass â€˜[01m[KKeyboardTeleopPublisher[m[Kâ€™ does not have any field named â€˜[01m[Kcount_[m[Kâ€™
[5.336s]    19 |     : Node("keyboardteleop_publisher"), [01;31m[Kcount_[m[K(0)
[5.336s]       |                                         [01;31m[K^~~~~~[m[K
[7.789s] gmake[2]: *** [CMakeFiles/keyboard_teleop_node.dir/build.make:76: CMakeFiles/keyboard_teleop_node.dir/src/keyboard_teleop_node.cpp.o] Error 1
[7.794s] gmake[1]: *** [CMakeFiles/Makefile2:139: CMakeFiles/keyboard_teleop_node.dir/all] Error 2
[7.794s] gmake[1]: *** Waiting for unfinished jobs....
[15.158s] [ 75%] [32m[1mLinking CXX executable base_controller_node[0m
[16.057s] [ 75%] Built target base_controller_node
[16.061s] gmake: *** [Makefile:146: all] Error 2
[16.095s] Invoked command in '/home/creativecoder/ros2_project/ros2_ws/build/robot_controller' returned '2': CMAKE_PREFIX_PATH=/opt/ros/humble /usr/bin/cmake --build /home/creativecoder/ros2_project/ros2_ws/build/robot_controller -- -j14 -l14
